<?xml version="1.0" encoding="UTF-8"?>
<testng-results ignored="0" total="4" passed="4" failed="0" skipped="0">
  <reporter-output>
  </reporter-output>
  <suite started-at="2021-10-25T22:30:06 EDT" name="Default suite" finished-at="2021-10-25T22:30:06 EDT" duration-ms="74">
    <groups>
    </groups>
    <test started-at="2021-10-25T22:30:06 EDT" name="Default test" finished-at="2021-10-25T22:30:06 EDT" duration-ms="74">
      <class name="testNG.PracticeOne">
        <test-method signature="titanic()[pri:1, instance:testNG.PracticeOne@3738449f]" started-at="2021-10-25T22:30:06 EDT" name="titanic" finished-at="2021-10-25T22:30:06 EDT" duration-ms="11" status="PASS">
          <reporter-output>
          </reporter-output>
        </test-method> <!-- titanic -->
        <test-method signature="JamesBodd()[pri:2, instance:testNG.PracticeOne@3738449f]" started-at="2021-10-25T22:30:06 EDT" name="JamesBodd" finished-at="2021-10-25T22:30:06 EDT" duration-ms="1" status="PASS">
          <reporter-output>
          </reporter-output>
        </test-method> <!-- JamesBodd -->
        <test-method signature="Bmovie()[pri:3, instance:testNG.PracticeOne@3738449f]" started-at="2021-10-25T22:30:06 EDT" name="Bmovie" finished-at="2021-10-25T22:30:06 EDT" duration-ms="3" status="PASS">
          <reporter-output>
          </reporter-output>
        </test-method> <!-- Bmovie -->
        <test-method signature="HurryPotter()[pri:4, instance:testNG.PracticeOne@3738449f]" started-at="2021-10-25T22:30:06 EDT" name="HurryPotter" finished-at="2021-10-25T22:30:06 EDT" duration-ms="1" status="PASS">
          <reporter-output>
          </reporter-output>
        </test-method> <!-- HurryPotter -->
      </class> <!-- testNG.PracticeOne -->
    </test> <!-- Default test -->
  </suite> <!-- Default suite -->
</testng-results>
