<?xml version="1.0" encoding="UTF-8"?>
<!-- Generated by org.testng.reporters.JUnitXMLReporter -->
<testsuite ignored="0" hostname="Jawids-MacBook-Pro.local" failures="0" tests="4" name="Default test" time="0.074" errors="0" timestamp="2021-10-25T22:30:07 EDT">
  <testcase classname="testNG.PracticeOne" name="titanic" time="0.011"/>
  <testcase classname="testNG.PracticeOne" name="JamesBodd" time="0.001"/>
  <testcase classname="testNG.PracticeOne" name="Bmovie" time="0.003"/>
  <testcase classname="testNG.PracticeOne" name="HurryPotter" time="0.001"/>
</testsuite> <!-- Default test -->
